Traceback (most recent call last):
  File "C:\Users\Utilisateur\My Documents\Aptana Studio 3 Workspace\openfisca\src\openFisca.pyw", line 1718, in main
    mainwindow = run_spyder(app, options)
  File "C:\Users\Utilisateur\My Documents\Aptana Studio 3 Workspace\openfisca\src\openFisca.pyw", line 1634, in run_spyder
    main.setup()
  File "C:\Users\Utilisateur\My Documents\Aptana Studio 3 Workspace\openfisca\src\openFisca.pyw", line 727, in setup
    self.setup_layout(default=False)
  File "C:\Users\Utilisateur\My Documents\Aptana Studio 3 Workspace\openfisca\src\openFisca.pyw", line 973, in setup_layout
    self.composition.compute()
  File "C:\Users\Utilisateur\My Documents\Aptana Studio 3 Workspace\openfisca\src\countries\france\widgets\Composition.py", line 461, in compute
    self.simulation.compute()
  File "C:\Users\Utilisateur\My Documents\Aptana Studio 3 Workspace\openfisca\src\lib\simulation.py", line 274, in compute
    output, output_default = self._preproc(input_table)
  File "C:\Users\Utilisateur\My Documents\Aptana Studio 3 Workspace\openfisca\src\lib\simulation.py", line 139, in _preproc
    output.set_inputs(input_table, country = self.country)
  File "C:\Users\Utilisateur\My Documents\Aptana Studio 3 Workspace\openfisca\src\lib\datatable.py", line 392, in set_inputs
    preproc_inputs(self._inputs)
  File "C:\Users\Utilisateur\My Documents\Aptana Studio 3 Workspace\openfisca\src\countries\france\utils.py", line 557, in preproc_inputs
    datatable.propagate_to_members('men', WEIGHT)
  File "C:\Users\Utilisateur\My Documents\Aptana Studio 3 Workspace\openfisca\src\lib\datatable.py", line 124, in propagate_to_members
    value = self.get_value(col, index)
NameError: global name 'index' is not defined
